0 info it worked if it ends with ok
1 verbose cli [ 'C:\\Program Files\\nodejs\\node.exe',
1 verbose cli   'C:\\Program Files\\nodejs\\node_modules\\npm\\bin\\npm-cli.js',
1 verbose cli   'install',
1 verbose cli   '-g',
1 verbose cli   'cordova',
1 verbose cli   'ionic' ]
2 info using npm@3.10.10
3 info using node@v7.3.0
4 silly loadCurrentTree Starting
5 silly install loadCurrentTree
6 silly install readGlobalPackageData
7 silly fetchPackageMetaData cordova
8 silly fetchPackageMetaData ionic
9 silly fetchNamedPackageData cordova
10 silly mapToRegistry name cordova
11 silly mapToRegistry using default registry
12 silly mapToRegistry registry https://registry.npmjs.org/
13 silly mapToRegistry data Result {
13 silly mapToRegistry   raw: 'cordova',
13 silly mapToRegistry   scope: null,
13 silly mapToRegistry   escapedName: 'cordova',
13 silly mapToRegistry   name: 'cordova',
13 silly mapToRegistry   rawSpec: '',
13 silly mapToRegistry   spec: 'latest',
13 silly mapToRegistry   type: 'tag' }
14 silly mapToRegistry uri https://registry.npmjs.org/cordova
15 silly fetchNamedPackageData ionic
16 silly mapToRegistry name ionic
17 silly mapToRegistry using default registry
18 silly mapToRegistry registry https://registry.npmjs.org/
19 silly mapToRegistry data Result {
19 silly mapToRegistry   raw: 'ionic',
19 silly mapToRegistry   scope: null,
19 silly mapToRegistry   escapedName: 'ionic',
19 silly mapToRegistry   name: 'ionic',
19 silly mapToRegistry   rawSpec: '',
19 silly mapToRegistry   spec: 'latest',
19 silly mapToRegistry   type: 'tag' }
20 silly mapToRegistry uri https://registry.npmjs.org/ionic
21 verbose request uri https://registry.npmjs.org/ionic
22 verbose request no auth needed
23 info attempt registry request try #1 at 10:29:57
24 verbose request id fc156e3161caa017
25 http request GET https://registry.npmjs.org/ionic
26 verbose request uri https://registry.npmjs.org/cordova
27 verbose request no auth needed
28 info attempt registry request try #1 at 10:29:57
29 verbose etag W/"58af9f6e-10e344"
30 verbose lastModified Fri, 24 Feb 2017 02:50:22 GMT
31 http request GET https://registry.npmjs.org/cordova
32 http 200 https://registry.npmjs.org/cordova
33 verbose headers { server: 'nginx/1.10.1',
33 verbose headers   'content-type': 'application/json',
33 verbose headers   'last-modified': 'Sun, 02 Apr 2017 08:13:53 GMT',
33 verbose headers   etag: 'W/"58e0b2c1-12d6fd"',
33 verbose headers   'content-encoding': 'gzip',
33 verbose headers   'cache-control': 'max-age=300',
33 verbose headers   'content-length': '44274',
33 verbose headers   'accept-ranges': 'bytes',
33 verbose headers   date: 'Sun, 02 Apr 2017 08:30:05 GMT',
33 verbose headers   via: '1.1 varnish',
33 verbose headers   age: '0',
33 verbose headers   connection: 'keep-alive',
33 verbose headers   'x-served-by': 'cache-ams4150-AMS',
33 verbose headers   'x-cache': 'HIT',
33 verbose headers   'x-cache-hits': '1',
33 verbose headers   'x-timer': 'S1491121805.955295,VS0,VE6',
33 verbose headers   vary: 'Accept-Encoding' }
34 silly get cb [ 200,
34 silly get   { server: 'nginx/1.10.1',
34 silly get     'content-type': 'application/json',
34 silly get     'last-modified': 'Sun, 02 Apr 2017 08:13:53 GMT',
34 silly get     etag: 'W/"58e0b2c1-12d6fd"',
34 silly get     'content-encoding': 'gzip',
34 silly get     'cache-control': 'max-age=300',
34 silly get     'content-length': '44274',
34 silly get     'accept-ranges': 'bytes',
34 silly get     date: 'Sun, 02 Apr 2017 08:30:05 GMT',
34 silly get     via: '1.1 varnish',
34 silly get     age: '0',
34 silly get     connection: 'keep-alive',
34 silly get     'x-served-by': 'cache-ams4150-AMS',
34 silly get     'x-cache': 'HIT',
34 silly get     'x-cache-hits': '1',
34 silly get     'x-timer': 'S1491121805.955295,VS0,VE6',
34 silly get     vary: 'Accept-Encoding' } ]
35 verbose get saving cordova to C:\Users\g.grosso\AppData\Roaming\npm-cache\registry.npmjs.org\cordova\.cache.json
36 verbose correctMkdir C:\Users\g.grosso\AppData\Roaming\npm-cache correctMkdir not in flight; initializing
37 http 200 https://registry.npmjs.org/ionic
38 verbose headers { server: 'nginx/1.10.1',
38 verbose headers   'content-type': 'application/json',
38 verbose headers   'last-modified': 'Thu, 30 Mar 2017 20:14:29 GMT',
38 verbose headers   etag: 'W/"58dd6725-e1354"',
38 verbose headers   'content-encoding': 'gzip',
38 verbose headers   'cache-control': 'max-age=300',
38 verbose headers   'content-length': '50843',
38 verbose headers   'accept-ranges': 'bytes',
38 verbose headers   date: 'Sun, 02 Apr 2017 08:30:05 GMT',
38 verbose headers   via: '1.1 varnish',
38 verbose headers   age: '169',
38 verbose headers   connection: 'keep-alive',
38 verbose headers   'x-served-by': 'cache-ams4442-AMS',
38 verbose headers   'x-cache': 'HIT',
38 verbose headers   'x-cache-hits': '1',
38 verbose headers   'x-timer': 'S1491121805.959551,VS0,VE2',
38 verbose headers   vary: 'Accept-Encoding' }
39 silly get cb [ 200,
39 silly get   { server: 'nginx/1.10.1',
39 silly get     'content-type': 'application/json',
39 silly get     'last-modified': 'Thu, 30 Mar 2017 20:14:29 GMT',
39 silly get     etag: 'W/"58dd6725-e1354"',
39 silly get     'content-encoding': 'gzip',
39 silly get     'cache-control': 'max-age=300',
39 silly get     'content-length': '50843',
39 silly get     'accept-ranges': 'bytes',
39 silly get     date: 'Sun, 02 Apr 2017 08:30:05 GMT',
39 silly get     via: '1.1 varnish',
39 silly get     age: '169',
39 silly get     connection: 'keep-alive',
39 silly get     'x-served-by': 'cache-ams4442-AMS',
39 silly get     'x-cache': 'HIT',
39 silly get     'x-cache-hits': '1',
39 silly get     'x-timer': 'S1491121805.959551,VS0,VE2',
39 silly get     vary: 'Accept-Encoding' } ]
40 verbose get saving ionic to C:\Users\g.grosso\AppData\Roaming\npm-cache\registry.npmjs.org\ionic\.cache.json
41 verbose correctMkdir C:\Users\g.grosso\AppData\Roaming\npm-cache correctMkdir not in flight; initializing
42 silly install normalizeTree
43 silly loadCurrentTree Finishing
44 silly loadIdealTree Starting
45 silly install loadIdealTree
46 silly cloneCurrentTree Starting
47 silly install cloneCurrentTreeToIdealTree
48 silly cloneCurrentTree Finishing
49 silly loadShrinkwrap Starting
50 silly install loadShrinkwrap
51 silly loadShrinkwrap Finishing
52 silly loadAllDepsIntoIdealTree Starting
53 silly install loadAllDepsIntoIdealTree
54 silly resolveWithNewModule cordova@6.5.0 checking installable status
55 silly cache add args [ 'cordova', null ]
56 verbose cache add spec cordova
57 silly resolveWithNewModule ionic@2.2.2 checking installable status
58 silly cache add args [ 'ionic', null ]
59 verbose cache add spec ionic
60 silly cache add parsed spec Result {
60 silly cache add   raw: 'cordova',
60 silly cache add   scope: null,
60 silly cache add   escapedName: 'cordova',
60 silly cache add   name: 'cordova',
60 silly cache add   rawSpec: '',
60 silly cache add   spec: 'latest',
60 silly cache add   type: 'tag' }
61 silly addNamed cordova@latest
62 verbose addNamed "latest" is being treated as a dist-tag for cordova
63 info addNameTag [ 'cordova', 'latest' ]
64 silly mapToRegistry name cordova
65 silly mapToRegistry using default registry
66 silly mapToRegistry registry https://registry.npmjs.org/
67 silly mapToRegistry data Result {
67 silly mapToRegistry   raw: 'cordova',
67 silly mapToRegistry   scope: null,
67 silly mapToRegistry   escapedName: 'cordova',
67 silly mapToRegistry   name: 'cordova',
67 silly mapToRegistry   rawSpec: '',
67 silly mapToRegistry   spec: 'latest',
67 silly mapToRegistry   type: 'tag' }
68 silly mapToRegistry uri https://registry.npmjs.org/cordova
69 verbose addNameTag registry:https://registry.npmjs.org/cordova not in flight; fetching
70 silly cache add parsed spec Result {
70 silly cache add   raw: 'ionic',
70 silly cache add   scope: null,
70 silly cache add   escapedName: 'ionic',
70 silly cache add   name: 'ionic',
70 silly cache add   rawSpec: '',
70 silly cache add   spec: 'latest',
70 silly cache add   type: 'tag' }
71 silly addNamed ionic@latest
72 verbose addNamed "latest" is being treated as a dist-tag for ionic
73 info addNameTag [ 'ionic', 'latest' ]
74 silly mapToRegistry name ionic
75 silly mapToRegistry using default registry
76 silly mapToRegistry registry https://registry.npmjs.org/
77 silly mapToRegistry data Result {
77 silly mapToRegistry   raw: 'ionic',
77 silly mapToRegistry   scope: null,
77 silly mapToRegistry   escapedName: 'ionic',
77 silly mapToRegistry   name: 'ionic',
77 silly mapToRegistry   rawSpec: '',
77 silly mapToRegistry   spec: 'latest',
77 silly mapToRegistry   type: 'tag' }
78 silly mapToRegistry uri https://registry.npmjs.org/ionic
79 verbose addNameTag registry:https://registry.npmjs.org/ionic not in flight; fetching
80 verbose get https://registry.npmjs.org/ionic not expired, no request
81 silly addNameTag next cb for ionic with tag latest
82 silly addNamed ionic@2.2.2
83 verbose addNamed "2.2.2" is a plain semver version for ionic
84 verbose get https://registry.npmjs.org/cordova not expired, no request
85 silly addNameTag next cb for cordova with tag latest
86 silly addNamed cordova@6.5.0
87 verbose addNamed "6.5.0" is a plain semver version for cordova
88 silly mapToRegistry name ionic
89 silly mapToRegistry using default registry
90 silly mapToRegistry registry https://registry.npmjs.org/
91 silly mapToRegistry data Result {
91 silly mapToRegistry   raw: 'ionic',
91 silly mapToRegistry   scope: null,
91 silly mapToRegistry   escapedName: 'ionic',
91 silly mapToRegistry   name: 'ionic',
91 silly mapToRegistry   rawSpec: '',
91 silly mapToRegistry   spec: 'latest',
91 silly mapToRegistry   type: 'tag' }
92 silly mapToRegistry uri https://registry.npmjs.org/ionic
93 verbose addRemoteTarball https://registry.npmjs.org/ionic/-/ionic-2.2.2.tgz not in flight; adding
94 verbose addRemoteTarball [ 'https://registry.npmjs.org/ionic/-/ionic-2.2.2.tgz',
94 verbose addRemoteTarball   '3890117c43f2cf6719a3b9063c928420d1762f41' ]
95 info retry fetch attempt 1 at 10:29:59
96 info attempt registry request try #1 at 10:29:59
97 http fetch GET https://registry.npmjs.org/ionic/-/ionic-2.2.2.tgz
98 silly cache afterAdd cordova@6.5.0
99 verbose afterAdd C:\Users\g.grosso\AppData\Roaming\npm-cache\cordova\6.5.0\package\package.json not in flight; writing
100 verbose correctMkdir C:\Users\g.grosso\AppData\Roaming\npm-cache correctMkdir not in flight; initializing
101 verbose afterAdd C:\Users\g.grosso\AppData\Roaming\npm-cache\cordova\6.5.0\package\package.json written
102 http fetch 200 https://registry.npmjs.org/ionic/-/ionic-2.2.2.tgz
103 info retry will retry, error on last attempt: Error: read ECONNRESET
104 silly fetchAndShaCheck shasum 3890117c43f2cf6719a3b9063c928420d1762f41
105 silly rollbackFailedOptional Starting
106 silly rollbackFailedOptional Finishing
107 silly runTopLevelLifecycles Finishing
108 silly install printInstalled
109 verbose stack Error: shasum check failed for C:\Users\GB515~1.GRO\AppData\Local\Temp\npm-5276-e69143cb\registry.npmjs.org\ionic\-\ionic-2.2.2.tgz
109 verbose stack Expected: 3890117c43f2cf6719a3b9063c928420d1762f41
109 verbose stack Actual:   4c8ca97d1e0ecbeb3b9e0113fe3e4a403f891fd9
109 verbose stack From:     https://registry.npmjs.org/ionic/-/ionic-2.2.2.tgz
109 verbose stack     at C:\Program Files\nodejs\node_modules\npm\node_modules\sha\index.js:25:8
109 verbose stack     at ReadStream.<anonymous> (C:\Program Files\nodejs\node_modules\npm\node_modules\sha\index.js:72:7)
109 verbose stack     at emitNone (events.js:91:20)
109 verbose stack     at ReadStream.emit (events.js:185:7)
109 verbose stack     at endReadableNT (_stream_readable.js:974:12)
109 verbose stack     at _combinedTickCallback (internal/process/next_tick.js:74:11)
109 verbose stack     at process._tickCallback (internal/process/next_tick.js:98:9)
110 verbose cwd C:\progetti\androidProject\androidGitHub\Lezione2\ActivityLifeCycleCordova
111 error Windows_NT 10.0.14393
112 error argv "C:\\Program Files\\nodejs\\node.exe" "C:\\Program Files\\nodejs\\node_modules\\npm\\bin\\npm-cli.js" "install" "-g" "cordova" "ionic"
113 error node v7.3.0
114 error npm  v3.10.10
115 error shasum check failed for C:\Users\GB515~1.GRO\AppData\Local\Temp\npm-5276-e69143cb\registry.npmjs.org\ionic\-\ionic-2.2.2.tgz
115 error Expected: 3890117c43f2cf6719a3b9063c928420d1762f41
115 error Actual:   4c8ca97d1e0ecbeb3b9e0113fe3e4a403f891fd9
115 error From:     https://registry.npmjs.org/ionic/-/ionic-2.2.2.tgz
116 error If you need help, you may report this error at:
116 error     <https://github.com/npm/npm/issues>
117 verbose exit [ 1, true ]
